<?xml version="1.0" encoding="UTF-8"?>
<testsuite xmlns:xsi="http://www.w3.org/2001/XMLSchema-instance" xsi:noNamespaceSchemaLocation="https://maven.apache.org/surefire/maven-surefire-plugin/xsd/surefire-test-report-3.0.xsd" version="3.0" name="hellocucumber.RunCucumberTest" time="0.154" tests="5" errors="3" skipped="0" failures="0">
  <properties>
    <property name="java.specification.version" value="19"/>
    <property name="sun.jnu.encoding" value="UTF-8"/>
    <property name="java.class.path" value="/Users/doraaa/Learning_Projects/hellocucumber/target/test-classes:/Users/doraaa/Learning_Projects/hellocucumber/target/classes:/Users/doraaa/.m2/repository/io/cucumber/cucumber-java/7.5.0/cucumber-java-7.5.0.jar:/Users/doraaa/.m2/repository/io/cucumber/cucumber-core/7.5.0/cucumber-core-7.5.0.jar:/Users/doraaa/.m2/repository/io/cucumber/cucumber-gherkin/7.5.0/cucumber-gherkin-7.5.0.jar:/Users/doraaa/.m2/repository/io/cucumber/cucumber-gherkin-messages/7.5.0/cucumber-gherkin-messages-7.5.0.jar:/Users/doraaa/.m2/repository/io/cucumber/gherkin/23.0.1/gherkin-23.0.1.jar:/Users/doraaa/.m2/repository/io/cucumber/messages/18.0.0/messages-18.0.0.jar:/Users/doraaa/.m2/repository/io/cucumber/tag-expressions/4.1.0/tag-expressions-4.1.0.jar:/Users/doraaa/.m2/repository/io/cucumber/cucumber-expressions/16.0.0/cucumber-expressions-16.0.0.jar:/Users/doraaa/.m2/repository/io/cucumber/datatable/7.5.0/datatable-7.5.0.jar:/Users/doraaa/.m2/repository/io/cucumber/cucumber-plugin/7.5.0/cucumber-plugin-7.5.0.jar:/Users/doraaa/.m2/repository/io/cucumber/docstring/7.5.0/docstring-7.5.0.jar:/Users/doraaa/.m2/repository/io/cucumber/html-formatter/19.2.0/html-formatter-19.2.0.jar:/Users/doraaa/.m2/repository/io/cucumber/ci-environment/9.1.0/ci-environment-9.1.0.jar:/Users/doraaa/.m2/repository/org/apiguardian/apiguardian-api/1.1.2/apiguardian-api-1.1.2.jar:/Users/doraaa/.m2/repository/io/cucumber/cucumber-junit-platform-engine/7.5.0/cucumber-junit-platform-engine-7.5.0.jar:/Users/doraaa/.m2/repository/org/junit/platform/junit-platform-engine/1.9.0/junit-platform-engine-1.9.0.jar:/Users/doraaa/.m2/repository/org/opentest4j/opentest4j/1.2.0/opentest4j-1.2.0.jar:/Users/doraaa/.m2/repository/org/junit/platform/junit-platform-commons/1.9.0/junit-platform-commons-1.9.0.jar:/Users/doraaa/.m2/repository/org/junit/platform/junit-platform-suite/1.9.0/junit-platform-suite-1.9.0.jar:/Users/doraaa/.m2/repository/org/junit/platform/junit-platform-suite-api/1.9.0/junit-platform-suite-api-1.9.0.jar:/Users/doraaa/.m2/repository/org/junit/platform/junit-platform-suite-engine/1.9.0/junit-platform-suite-engine-1.9.0.jar:/Users/doraaa/.m2/repository/org/junit/platform/junit-platform-suite-commons/1.9.0/junit-platform-suite-commons-1.9.0.jar:/Users/doraaa/.m2/repository/org/junit/platform/junit-platform-launcher/1.9.0/junit-platform-launcher-1.9.0.jar:/Users/doraaa/.m2/repository/org/junit/jupiter/junit-jupiter/5.9.0/junit-jupiter-5.9.0.jar:/Users/doraaa/.m2/repository/org/junit/jupiter/junit-jupiter-api/5.9.0/junit-jupiter-api-5.9.0.jar:/Users/doraaa/.m2/repository/org/junit/jupiter/junit-jupiter-params/5.9.0/junit-jupiter-params-5.9.0.jar:/Users/doraaa/.m2/repository/org/junit/jupiter/junit-jupiter-engine/5.9.0/junit-jupiter-engine-5.9.0.jar:"/>
    <property name="java.vm.vendor" value="Oracle Corporation"/>
    <property name="sun.arch.data.model" value="64"/>
    <property name="java.vendor.url" value="https://java.oracle.com/"/>
    <property name="user.timezone" value="America/Vancouver"/>
    <property name="os.name" value="Mac OS X"/>
    <property name="java.vm.specification.version" value="19"/>
    <property name="sun.java.launcher" value="SUN_STANDARD"/>
    <property name="user.country" value="CA"/>
    <property name="sun.boot.library.path" value="/Users/doraaa/BuildTools/jdk-19.0.1.jdk/Contents/Home/lib"/>
    <property name="sun.java.command" value="/Users/doraaa/Learning_Projects/hellocucumber/target/surefire/surefirebooter-20230104135051074_3.jar /Users/doraaa/Learning_Projects/hellocucumber/target/surefire 2023-01-04T13-50-50_925-jvmRun1 surefire-20230104135051074_1tmp surefire_0-20230104135051074_2tmp"/>
    <property name="http.nonProxyHosts" value="local|*.local|169.254/16|*.169.254/16"/>
    <property name="jdk.debug" value="release"/>
    <property name="surefire.test.class.path" value="/Users/doraaa/Learning_Projects/hellocucumber/target/test-classes:/Users/doraaa/Learning_Projects/hellocucumber/target/classes:/Users/doraaa/.m2/repository/io/cucumber/cucumber-java/7.5.0/cucumber-java-7.5.0.jar:/Users/doraaa/.m2/repository/io/cucumber/cucumber-core/7.5.0/cucumber-core-7.5.0.jar:/Users/doraaa/.m2/repository/io/cucumber/cucumber-gherkin/7.5.0/cucumber-gherkin-7.5.0.jar:/Users/doraaa/.m2/repository/io/cucumber/cucumber-gherkin-messages/7.5.0/cucumber-gherkin-messages-7.5.0.jar:/Users/doraaa/.m2/repository/io/cucumber/gherkin/23.0.1/gherkin-23.0.1.jar:/Users/doraaa/.m2/repository/io/cucumber/messages/18.0.0/messages-18.0.0.jar:/Users/doraaa/.m2/repository/io/cucumber/tag-expressions/4.1.0/tag-expressions-4.1.0.jar:/Users/doraaa/.m2/repository/io/cucumber/cucumber-expressions/16.0.0/cucumber-expressions-16.0.0.jar:/Users/doraaa/.m2/repository/io/cucumber/datatable/7.5.0/datatable-7.5.0.jar:/Users/doraaa/.m2/repository/io/cucumber/cucumber-plugin/7.5.0/cucumber-plugin-7.5.0.jar:/Users/doraaa/.m2/repository/io/cucumber/docstring/7.5.0/docstring-7.5.0.jar:/Users/doraaa/.m2/repository/io/cucumber/html-formatter/19.2.0/html-formatter-19.2.0.jar:/Users/doraaa/.m2/repository/io/cucumber/ci-environment/9.1.0/ci-environment-9.1.0.jar:/Users/doraaa/.m2/repository/org/apiguardian/apiguardian-api/1.1.2/apiguardian-api-1.1.2.jar:/Users/doraaa/.m2/repository/io/cucumber/cucumber-junit-platform-engine/7.5.0/cucumber-junit-platform-engine-7.5.0.jar:/Users/doraaa/.m2/repository/org/junit/platform/junit-platform-engine/1.9.0/junit-platform-engine-1.9.0.jar:/Users/doraaa/.m2/repository/org/opentest4j/opentest4j/1.2.0/opentest4j-1.2.0.jar:/Users/doraaa/.m2/repository/org/junit/platform/junit-platform-commons/1.9.0/junit-platform-commons-1.9.0.jar:/Users/doraaa/.m2/repository/org/junit/platform/junit-platform-suite/1.9.0/junit-platform-suite-1.9.0.jar:/Users/doraaa/.m2/repository/org/junit/platform/junit-platform-suite-api/1.9.0/junit-platform-suite-api-1.9.0.jar:/Users/doraaa/.m2/repository/org/junit/platform/junit-platform-suite-engine/1.9.0/junit-platform-suite-engine-1.9.0.jar:/Users/doraaa/.m2/repository/org/junit/platform/junit-platform-suite-commons/1.9.0/junit-platform-suite-commons-1.9.0.jar:/Users/doraaa/.m2/repository/org/junit/platform/junit-platform-launcher/1.9.0/junit-platform-launcher-1.9.0.jar:/Users/doraaa/.m2/repository/org/junit/jupiter/junit-jupiter/5.9.0/junit-jupiter-5.9.0.jar:/Users/doraaa/.m2/repository/org/junit/jupiter/junit-jupiter-api/5.9.0/junit-jupiter-api-5.9.0.jar:/Users/doraaa/.m2/repository/org/junit/jupiter/junit-jupiter-params/5.9.0/junit-jupiter-params-5.9.0.jar:/Users/doraaa/.m2/repository/org/junit/jupiter/junit-jupiter-engine/5.9.0/junit-jupiter-engine-5.9.0.jar:"/>
    <property name="sun.cpu.endian" value="little"/>
    <property name="user.home" value="/Users/doraaa"/>
    <property name="user.language" value="en"/>
    <property name="java.specification.vendor" value="Oracle Corporation"/>
    <property name="java.version.date" value="2022-10-18"/>
    <property name="java.home" value="/Users/doraaa/BuildTools/jdk-19.0.1.jdk/Contents/Home"/>
    <property name="file.separator" value="/"/>
    <property name="basedir" value="/Users/doraaa/Learning_Projects/hellocucumber"/>
    <property name="java.vm.compressedOopsMode" value="Zero based"/>
    <property name="line.separator" value="&#10;"/>
    <property name="java.vm.specification.vendor" value="Oracle Corporation"/>
    <property name="java.specification.name" value="Java Platform API Specification"/>
    <property name="apple.awt.application.name" value="ForkedBooter"/>
    <property name="surefire.real.class.path" value="/Users/doraaa/Learning_Projects/hellocucumber/target/surefire/surefirebooter-20230104135051074_3.jar"/>
    <property name="sun.management.compiler" value="HotSpot 64-Bit Tiered Compilers"/>
    <property name="ftp.nonProxyHosts" value="local|*.local|169.254/16|*.169.254/16"/>
    <property name="java.runtime.version" value="19.0.1+10-21"/>
    <property name="user.name" value="doraaa"/>
    <property name="stdout.encoding" value="UTF-8"/>
    <property name="path.separator" value=":"/>
    <property name="os.version" value="13.0.1"/>
    <property name="java.runtime.name" value="OpenJDK Runtime Environment"/>
    <property name="file.encoding" value="UTF-8"/>
    <property name="java.vm.name" value="OpenJDK 64-Bit Server VM"/>
    <property name="localRepository" value="/Users/doraaa/.m2/repository"/>
    <property name="java.vendor.url.bug" value="https://bugreport.java.com/bugreport/"/>
    <property name="java.io.tmpdir" value="/var/folders/zp/1qrjbxjx61x32b64l3n94__40000gn/T/"/>
    <property name="java.version" value="19.0.1"/>
    <property name="user.dir" value="/Users/doraaa/Learning_Projects/hellocucumber"/>
    <property name="os.arch" value="aarch64"/>
    <property name="java.vm.specification.name" value="Java Virtual Machine Specification"/>
    <property name="native.encoding" value="UTF-8"/>
    <property name="java.library.path" value="/Users/doraaa/Library/Java/Extensions:/Library/Java/Extensions:/Network/Library/Java/Extensions:/System/Library/Java/Extensions:/usr/lib/java:."/>
    <property name="java.vm.info" value="mixed mode, sharing"/>
    <property name="stderr.encoding" value="UTF-8"/>
    <property name="java.vendor" value="Oracle Corporation"/>
    <property name="java.vm.version" value="19.0.1+10-21"/>
    <property name="sun.io.unicode.encoding" value="UnicodeBig"/>
    <property name="socksNonProxyHosts" value="local|*.local|169.254/16|*.169.254/16"/>
    <property name="java.class.version" value="63.0"/>
  </properties>
  <testcase name="Calling login API" classname="Customer API Testing" time="0.048">
    <error message="TODO: implement me" type="io.cucumber.java.PendingException"><![CDATA[io.cucumber.java.PendingException: TODO: implement me
	at hellocucumber.APIStepDefinitions.login_api_is_provided(APIStepDefinitions.java:46)
	at ✽.Login API is provided(classpath:hellocucumber/api.feature:4)
]]></error>
    <system-out><![CDATA[
Scenario: Calling login API      &amp#27;[90m# hellocucumber/api.feature:3&amp#27;[0m
  &amp#27;[33mGiven &amp#27;[0m&amp#27;[33mLogin API is provided&amp#27;[0m    &amp#27;[90m# hellocucumber.APIStepDefinitions.login_api_is_provided()&amp#27;[0m
      &amp#27;[33mio.cucumber.java.PendingException: TODO: implement me
	at hellocucumber.APIStepDefinitions.login_api_is_provided(APIStepDefinitions.java:46)
	at ✽.Login API is provided(classpath:hellocucumber/api.feature:4)
&amp#27;[0m
  &amp#27;[36mWhen &amp#27;[0m&amp#27;[36mUser call login API&amp#27;[0m       &amp#27;[90m# hellocucumber.APIStepDefinitions.user_call_login_api()&amp#27;[0m
  &amp#27;[36mThen &amp#27;[0m&amp#27;[36ma token will be generated&amp#27;[0m &amp#27;[90m# hellocucumber.APIStepDefinitions.a_token_will_be_generated()&amp#27;[0m
]]></system-out>
  </testcase>
  <testcase name="Calling customer list API" classname="Customer API Testing" time="0.006">
    <error message="TODO: implement me" type="io.cucumber.java.PendingException"><![CDATA[io.cucumber.java.PendingException: TODO: implement me
	at hellocucumber.APIStepDefinitions.customer_list_api_is_provided(APIStepDefinitions.java:30)
	at ✽.Customer list API is provided(classpath:hellocucumber/api.feature:8)
]]></error>
    <system-out><![CDATA[
Scenario: Calling customer list API   &amp#27;[90m# hellocucumber/api.feature:7&amp#27;[0m
  &amp#27;[33mGiven &amp#27;[0m&amp#27;[33mCustomer list API is provided&amp#27;[0m &amp#27;[90m# hellocucumber.APIStepDefinitions.customer_list_api_is_provided()&amp#27;[0m
      &amp#27;[33mio.cucumber.java.PendingException: TODO: implement me
	at hellocucumber.APIStepDefinitions.customer_list_api_is_provided(APIStepDefinitions.java:30)
	at ✽.Customer list API is provided(classpath:hellocucumber/api.feature:8)
&amp#27;[0m
  &amp#27;[36mWhen &amp#27;[0m&amp#27;[36mUser call customer list API&amp#27;[0m    &amp#27;[90m# hellocucumber.APIStepDefinitions.user_call_customer_list_api()&amp#27;[0m
  &amp#27;[36mThen &amp#27;[0m&amp#27;[36mCustomer list will be shown&amp#27;[0m    &amp#27;[90m# hellocucumber.APIStepDefinitions.customer_list_will_be_shown()&amp#27;[0m
]]></system-out>
  </testcase>
  <testcase name="Calling customer get API" classname="Customer API Testing" time="0.004">
    <error message="TODO: implement me" type="io.cucumber.java.PendingException"><![CDATA[io.cucumber.java.PendingException: TODO: implement me
	at hellocucumber.APIStepDefinitions.customer_get_api_is_provided(APIStepDefinitions.java:14)
	at ✽.Customer get API is provided(classpath:hellocucumber/api.feature:12)
]]></error>
    <system-out><![CDATA[
Scenario: Calling customer get API          &amp#27;[90m# hellocucumber/api.feature:11&amp#27;[0m
  &amp#27;[33mGiven &amp#27;[0m&amp#27;[33mCustomer get API is provided&amp#27;[0m        &amp#27;[90m# hellocucumber.APIStepDefinitions.customer_get_api_is_provided()&amp#27;[0m
      &amp#27;[33mio.cucumber.java.PendingException: TODO: implement me
	at hellocucumber.APIStepDefinitions.customer_get_api_is_provided(APIStepDefinitions.java:14)
	at ✽.Customer get API is provided(classpath:hellocucumber/api.feature:12)
&amp#27;[0m
  &amp#27;[36mWhen &amp#27;[0m&amp#27;[36mUser call customer get API&amp#27;[0m           &amp#27;[90m# hellocucumber.APIStepDefinitions.user_call_customer_get_api()&amp#27;[0m
  &amp#27;[36mThen &amp#27;[0m&amp#27;[36mSpecific customer info will be shown&amp#27;[0m &amp#27;[90m# hellocucumber.APIStepDefinitions.specific_customer_info_will_be_shown()&amp#27;[0m
]]></system-out>
  </testcase>
  <testcase name="Sunday isn&apos;t Friday" classname="Is it Friday yet?" time="0.011">
    <system-out><![CDATA[
Scenario: Sunday isn't Friday        &amp#27;[90m# hellocucumber/is_it_friday_yet.feature:4&amp#27;[0m
  &amp#27;[32mGiven &amp#27;[0m&amp#27;[32mtoday is Sunday&amp#27;[0m              &amp#27;[90m# hellocucumber.StepDefinitions.today_is_sunday()&amp#27;[0m
  &amp#27;[32mWhen &amp#27;[0m&amp#27;[32mI ask whether it's Friday yet&amp#27;[0m &amp#27;[90m# hellocucumber.StepDefinitions.i_ask_whether_it_s_friday_yet()&amp#27;[0m
  &amp#27;[32mThen &amp#27;[0m&amp#27;[32mI should be told &amp#27;[0m&amp#27;[32m&amp#27;[1m"Nope"&amp#27;[0m       &amp#27;[90m# hellocucumber.StepDefinitions.i_should_be_told(java.lang.String)&amp#27;[0m
]]></system-out>
  </testcase>
  <testcase name="Friday is Friday" classname="Is it Friday yet?" time="0.005">
    <system-out><![CDATA[
Scenario: Friday is Friday           &amp#27;[90m# hellocucumber/is_it_friday_yet.feature:9&amp#27;[0m
  &amp#27;[32mGiven &amp#27;[0m&amp#27;[32mtoday is Friday&amp#27;[0m              &amp#27;[90m# hellocucumber.StepDefinitions.today_is_Friday()&amp#27;[0m
  &amp#27;[32mWhen &amp#27;[0m&amp#27;[32mI ask whether it's Friday yet&amp#27;[0m &amp#27;[90m# hellocucumber.StepDefinitions.i_ask_whether_it_s_friday_yet()&amp#27;[0m
  &amp#27;[32mThen &amp#27;[0m&amp#27;[32mI should be told &amp#27;[0m&amp#27;[32m&amp#27;[1m"TGIF"&amp#27;[0m       &amp#27;[90m# hellocucumber.StepDefinitions.i_should_be_told(java.lang.String)&amp#27;[0m
]]></system-out>
  </testcase>
</testsuite>